<?xml version="1.0" encoding="UTF-8"?>
<testsuite name="org.example.ParkingLotTests" tests="3" skipped="0" failures="0" errors="0" timestamp="2024-02-07T04:30:32" hostname="Govindan-ka-MacBook-Pro.local" time="0.047">
  <properties/>
  <testcase name="driverCannotParkCarInFullParkingLot()" classname="org.example.ParkingLotTests" time="0.033"/>
  <testcase name="driverCanParkMultipleCarsInParkingLotWithCapacity()" classname="org.example.ParkingLotTests" time="0.001"/>
  <testcase name="driverCanParkCarInEmptyParkingLot()" classname="org.example.ParkingLotTests" time="0.004"/>
  <system-out><![CDATA[]]></system-out>
  <system-err><![CDATA[]]></system-err>
</testsuite>
