<?xml version="1.0" encoding="UTF-8"?>
<testsuite name="org.example.ParkingLotTests" tests="1" skipped="0" failures="0" errors="0" timestamp="2024-02-07T08:47:16" hostname="Govindan-ka-MacBook-Pro.local" time="0.011">
  <properties/>
  <testcase name="parkingLotOwnerPutsDownSignOnceLotIsNoLongerFullWithRuleEngine()" classname="org.example.ParkingLotTests" time="0.011"/>
  <system-out><![CDATA[]]></system-out>
  <system-err><![CDATA[]]></system-err>
</testsuite>
