<?xml version="1.0" encoding="UTF-8"?>
<testsuite name="org.example.ParkingLotTests" tests="5" skipped="0" failures="0" errors="0" timestamp="2024-02-07T06:21:49" hostname="Ashishs-MacBook-Pro.local" time="0.014">
  <properties/>
  <testcase name="driverCannotUnparkCarTheyDidnotPark()" classname="org.example.ParkingLotTests" time="0.008"/>
  <testcase name="canParkCarInEmptyParkingLot()" classname="org.example.ParkingLotTests" time="0.001"/>
  <testcase name="canParkMultipleCarsInParkingLotWithCapacity()" classname="org.example.ParkingLotTests" time="0.001"/>
  <testcase name="canUnparkTheirCarFromParkingLot()" classname="org.example.ParkingLotTests" time="0.001"/>
  <testcase name="cannotParkCarInFullParkingLot()" classname="org.example.ParkingLotTests" time="0.001"/>
  <system-out><![CDATA[]]></system-out>
  <system-err><![CDATA[]]></system-err>
</testsuite>
